{"C:\\Users\\akwud\\Microverse\\todo-list\\mocks\\fileMock.js": {"path":"C:\\Users\\akwud\\Microverse\\todo-list\\mocks\\fileMock.js","statementMap":{"0":{"start":{"line":1,"column":0},"end":{"line":1,"column":20}}},"fnMap":{},"branchMap":{},"s":{"0":1},"f":{},"b":{},"_coverageSchema":"1a1c01bbd47fc00a2c39e90264f33305004495a9","hash":"afaf24fd3d13317476414a5a64ae8c871f1e3ba9"}
,"C:\\Users\\akwud\\Microverse\\todo-list\\src\\modules\\todolist.js": {"path":"C:\\Users\\akwud\\Microverse\\todo-list\\src\\modules\\todolist.js","statementMap":{"0":{"start":{"line":6,"column":4},"end":{"line":6,"column":23}},"1":{"start":{"line":8,"column":4},"end":{"line":8,"column":64}},"2":{"start":{"line":9,"column":4},"end":{"line":9,"column":38}},"3":{"start":{"line":13,"column":4},"end":{"line":13,"column":78}},"4":{"start":{"line":17,"column":4},"end":{"line":17,"column":20}},"5":{"start":{"line":18,"column":4},"end":{"line":26,"column":7}},"6":{"start":{"line":19,"column":6},"end":{"line":25,"column":7}},"7":{"start":{"line":20,"column":8},"end":{"line":20,"column":39}},"8":{"start":{"line":21,"column":8},"end":{"line":21,"column":65}},"9":{"start":{"line":22,"column":8},"end":{"line":22,"column":65}},"10":{"start":{"line":23,"column":8},"end":{"line":23,"column":65}},"11":{"start":{"line":24,"column":8},"end":{"line":24,"column":65}},"12":{"start":{"line":30,"column":4},"end":{"line":30,"column":25}},"13":{"start":{"line":34,"column":4},"end":{"line":38,"column":5}},"14":{"start":{"line":34,"column":21},"end":{"line":34,"column":45}},"15":{"start":{"line":35,"column":6},"end":{"line":37,"column":7}},"16":{"start":{"line":36,"column":8},"end":{"line":36,"column":56}},"17":{"start":{"line":39,"column":4},"end":{"line":39,"column":70}},"18":{"start":{"line":39,"column":52},"end":{"line":39,"column":68}},"19":{"start":{"line":40,"column":4},"end":{"line":40,"column":25}},"20":{"start":{"line":41,"column":4},"end":{"line":41,"column":20}},"21":{"start":{"line":45,"column":4},"end":{"line":47,"column":5}},"22":{"start":{"line":45,"column":21},"end":{"line":45,"column":45}},"23":{"start":{"line":46,"column":6},"end":{"line":46,"column":45}},"24":{"start":{"line":51,"column":20},"end":{"line":51,"column":69}},"25":{"start":{"line":51,"column":46},"end":{"line":51,"column":68}},"26":{"start":{"line":52,"column":4},"end":{"line":52,"column":43}},"27":{"start":{"line":53,"column":4},"end":{"line":53,"column":39}},"28":{"start":{"line":54,"column":4},"end":{"line":54,"column":20}},"29":{"start":{"line":58,"column":20},"end":{"line":58,"column":69}},"30":{"start":{"line":58,"column":46},"end":{"line":58,"column":68}},"31":{"start":{"line":59,"column":4},"end":{"line":59,"column":75}},"32":{"start":{"line":59,"column":48},"end":{"line":59,"column":73}},"33":{"start":{"line":60,"column":4},"end":{"line":60,"column":25}},"34":{"start":{"line":61,"column":4},"end":{"line":61,"column":20}},"35":{"start":{"line":62,"column":4},"end":{"line":62,"column":89}},"36":{"start":{"line":66,"column":4},"end":{"line":66,"column":44}},"37":{"start":{"line":66,"column":19},"end":{"line":66,"column":44}},"38":{"start":{"line":67,"column":20},"end":{"line":67,"column":49}},"39":{"start":{"line":68,"column":4},"end":{"line":68,"column":34}},"40":{"start":{"line":70,"column":26},"end":{"line":70,"column":55}},"41":{"start":{"line":71,"column":26},"end":{"line":71,"column":55}},"42":{"start":{"line":72,"column":4},"end":{"line":72,"column":39}},"43":{"start":{"line":73,"column":4},"end":{"line":73,"column":39}},"44":{"start":{"line":75,"column":24},"end":{"line":75,"column":55}},"45":{"start":{"line":76,"column":26},"end":{"line":76,"column":57}},"46":{"start":{"line":77,"column":32},"end":{"line":77,"column":63}},"47":{"start":{"line":78,"column":16},"end":{"line":78,"column":45}},"48":{"start":{"line":80,"column":4},"end":{"line":80,"column":34}},"49":{"start":{"line":81,"column":4},"end":{"line":81,"column":38}},"50":{"start":{"line":83,"column":4},"end":{"line":83,"column":41}},"51":{"start":{"line":84,"column":4},"end":{"line":84,"column":49}},"52":{"start":{"line":85,"column":4},"end":{"line":85,"column":49}},"53":{"start":{"line":86,"column":4},"end":{"line":86,"column":56}},"54":{"start":{"line":87,"column":4},"end":{"line":87,"column":69}},"55":{"start":{"line":88,"column":4},"end":{"line":88,"column":24}},"56":{"start":{"line":90,"column":22},"end":{"line":90,"column":51}},"57":{"start":{"line":91,"column":4},"end":{"line":91,"column":29}},"58":{"start":{"line":92,"column":4},"end":{"line":92,"column":35}},"59":{"start":{"line":94,"column":22},"end":{"line":101,"column":5}},"60":{"start":{"line":95,"column":6},"end":{"line":95,"column":43}},"61":{"start":{"line":96,"column":6},"end":{"line":96,"column":47}},"62":{"start":{"line":97,"column":6},"end":{"line":97,"column":53}},"63":{"start":{"line":98,"column":6},"end":{"line":98,"column":37}},"64":{"start":{"line":99,"column":6},"end":{"line":99,"column":43}},"65":{"start":{"line":100,"column":6},"end":{"line":100,"column":34}},"66":{"start":{"line":103,"column":4},"end":{"line":106,"column":7}},"67":{"start":{"line":104,"column":6},"end":{"line":104,"column":39}},"68":{"start":{"line":105,"column":6},"end":{"line":105,"column":18}},"69":{"start":{"line":107,"column":4},"end":{"line":110,"column":7}},"70":{"start":{"line":108,"column":6},"end":{"line":108,"column":39}},"71":{"start":{"line":109,"column":6},"end":{"line":109,"column":18}},"72":{"start":{"line":112,"column":4},"end":{"line":115,"column":7}},"73":{"start":{"line":113,"column":6},"end":{"line":113,"column":39}},"74":{"start":{"line":114,"column":6},"end":{"line":114,"column":28}},"75":{"start":{"line":116,"column":4},"end":{"line":118,"column":7}},"76":{"start":{"line":117,"column":6},"end":{"line":117,"column":39}},"77":{"start":{"line":119,"column":4},"end":{"line":132,"column":7}},"78":{"start":{"line":120,"column":6},"end":{"line":131,"column":7}},"79":{"start":{"line":121,"column":8},"end":{"line":121,"column":25}},"80":{"start":{"line":122,"column":13},"end":{"line":131,"column":7}},"81":{"start":{"line":123,"column":8},"end":{"line":123,"column":45}},"82":{"start":{"line":124,"column":8},"end":{"line":124,"column":62}},"83":{"start":{"line":125,"column":8},"end":{"line":125,"column":53}},"84":{"start":{"line":126,"column":8},"end":{"line":126,"column":30}},"85":{"start":{"line":127,"column":8},"end":{"line":127,"column":49}},"86":{"start":{"line":128,"column":8},"end":{"line":128,"column":55}},"87":{"start":{"line":129,"column":8},"end":{"line":129,"column":39}},"88":{"start":{"line":130,"column":8},"end":{"line":130,"column":45}},"89":{"start":{"line":133,"column":4},"end":{"line":138,"column":7}},"90":{"start":{"line":134,"column":24},"end":{"line":134,"column":44}},"91":{"start":{"line":135,"column":6},"end":{"line":135,"column":33}},"92":{"start":{"line":136,"column":6},"end":{"line":136,"column":28}},"93":{"start":{"line":137,"column":6},"end":{"line":137,"column":50}},"94":{"start":{"line":139,"column":4},"end":{"line":139,"column":43}},"95":{"start":{"line":140,"column":4},"end":{"line":140,"column":45}},"96":{"start":{"line":141,"column":4},"end":{"line":141,"column":51}},"97":{"start":{"line":142,"column":4},"end":{"line":142,"column":35}},"98":{"start":{"line":143,"column":4},"end":{"line":143,"column":41}},"99":{"start":{"line":144,"column":4},"end":{"line":144,"column":39}},"100":{"start":{"line":145,"column":4},"end":{"line":145,"column":39}},"101":{"start":{"line":146,"column":4},"end":{"line":146,"column":46}},"102":{"start":{"line":150,"column":24},"end":{"line":150,"column":66}},"103":{"start":{"line":151,"column":4},"end":{"line":151,"column":42}},"104":{"start":{"line":152,"column":4},"end":{"line":152,"column":23}},"105":{"start":{"line":153,"column":4},"end":{"line":155,"column":5}},"106":{"start":{"line":154,"column":6},"end":{"line":154,"column":46}},"107":{"start":{"line":157,"column":4},"end":{"line":159,"column":7}},"108":{"start":{"line":158,"column":6},"end":{"line":158,"column":25}}},"fnMap":{"0":{"name":"(anonymous_0)","decl":{"start":{"line":5,"column":2},"end":{"line":5,"column":3}},"loc":{"start":{"line":5,"column":16},"end":{"line":10,"column":3}},"line":5},"1":{"name":"(anonymous_1)","decl":{"start":{"line":12,"column":2},"end":{"line":12,"column":3}},"loc":{"start":{"line":12,"column":13},"end":{"line":14,"column":3}},"line":12},"2":{"name":"(anonymous_2)","decl":{"start":{"line":16,"column":2},"end":{"line":16,"column":3}},"loc":{"start":{"line":16,"column":14},"end":{"line":27,"column":3}},"line":16},"3":{"name":"(anonymous_3)","decl":{"start":{"line":18,"column":44},"end":{"line":18,"column":45}},"loc":{"start":{"line":18,"column":51},"end":{"line":26,"column":5}},"line":18},"4":{"name":"(anonymous_4)","decl":{"start":{"line":29,"column":2},"end":{"line":29,"column":3}},"loc":{"start":{"line":29,"column":16},"end":{"line":31,"column":3}},"line":29},"5":{"name":"(anonymous_5)","decl":{"start":{"line":33,"column":2},"end":{"line":33,"column":3}},"loc":{"start":{"line":33,"column":19},"end":{"line":42,"column":3}},"line":33},"6":{"name":"(anonymous_6)","decl":{"start":{"line":39,"column":41},"end":{"line":39,"column":42}},"loc":{"start":{"line":39,"column":52},"end":{"line":39,"column":68}},"line":39},"7":{"name":"(anonymous_7)","decl":{"start":{"line":44,"column":2},"end":{"line":44,"column":3}},"loc":{"start":{"line":44,"column":18},"end":{"line":48,"column":3}},"line":44},"8":{"name":"(anonymous_8)","decl":{"start":{"line":50,"column":2},"end":{"line":50,"column":3}},"loc":{"start":{"line":50,"column":19},"end":{"line":55,"column":3}},"line":50},"9":{"name":"(anonymous_9)","decl":{"start":{"line":51,"column":39},"end":{"line":51,"column":40}},"loc":{"start":{"line":51,"column":46},"end":{"line":51,"column":68}},"line":51},"10":{"name":"(anonymous_10)","decl":{"start":{"line":57,"column":2},"end":{"line":57,"column":3}},"loc":{"start":{"line":57,"column":19},"end":{"line":63,"column":3}},"line":57},"11":{"name":"(anonymous_11)","decl":{"start":{"line":58,"column":39},"end":{"line":58,"column":40}},"loc":{"start":{"line":58,"column":46},"end":{"line":58,"column":68}},"line":58},"12":{"name":"(anonymous_12)","decl":{"start":{"line":59,"column":41},"end":{"line":59,"column":42}},"loc":{"start":{"line":59,"column":48},"end":{"line":59,"column":73}},"line":59},"13":{"name":"(anonymous_13)","decl":{"start":{"line":65,"column":2},"end":{"line":65,"column":3}},"loc":{"start":{"line":65,"column":35},"end":{"line":147,"column":3}},"line":65},"14":{"name":"(anonymous_14)","decl":{"start":{"line":94,"column":22},"end":{"line":94,"column":23}},"loc":{"start":{"line":94,"column":28},"end":{"line":101,"column":5}},"line":94},"15":{"name":"(anonymous_15)","decl":{"start":{"line":103,"column":34},"end":{"line":103,"column":35}},"loc":{"start":{"line":103,"column":45},"end":{"line":106,"column":5}},"line":103},"16":{"name":"(anonymous_16)","decl":{"start":{"line":107,"column":44},"end":{"line":107,"column":45}},"loc":{"start":{"line":107,"column":55},"end":{"line":110,"column":5}},"line":107},"17":{"name":"(anonymous_17)","decl":{"start":{"line":112,"column":40},"end":{"line":112,"column":41}},"loc":{"start":{"line":112,"column":51},"end":{"line":115,"column":5}},"line":112},"18":{"name":"(anonymous_18)","decl":{"start":{"line":116,"column":50},"end":{"line":116,"column":51}},"loc":{"start":{"line":116,"column":61},"end":{"line":118,"column":5}},"line":116},"19":{"name":"(anonymous_19)","decl":{"start":{"line":119,"column":53},"end":{"line":119,"column":54}},"loc":{"start":{"line":119,"column":64},"end":{"line":132,"column":5}},"line":119},"20":{"name":"(anonymous_20)","decl":{"start":{"line":133,"column":43},"end":{"line":133,"column":44}},"loc":{"start":{"line":133,"column":54},"end":{"line":138,"column":5}},"line":133},"21":{"name":"(anonymous_21)","decl":{"start":{"line":149,"column":2},"end":{"line":149,"column":3}},"loc":{"start":{"line":149,"column":19},"end":{"line":160,"column":3}},"line":149},"22":{"name":"(anonymous_22)","decl":{"start":{"line":157,"column":26},"end":{"line":157,"column":27}},"loc":{"start":{"line":157,"column":36},"end":{"line":159,"column":5}},"line":157}},"branchMap":{"0":{"loc":{"start":{"line":19,"column":6},"end":{"line":25,"column":7}},"type":"if","locations":[{"start":{"line":19,"column":6},"end":{"line":25,"column":7}},{"start":{},"end":{}}],"line":19},"1":{"loc":{"start":{"line":35,"column":6},"end":{"line":37,"column":7}},"type":"if","locations":[{"start":{"line":35,"column":6},"end":{"line":37,"column":7}},{"start":{},"end":{}}],"line":35},"2":{"loc":{"start":{"line":65,"column":16},"end":{"line":65,"column":33}},"type":"default-arg","locations":[{"start":{"line":65,"column":28},"end":{"line":65,"column":33}}],"line":65},"3":{"loc":{"start":{"line":66,"column":4},"end":{"line":66,"column":44}},"type":"if","locations":[{"start":{"line":66,"column":4},"end":{"line":66,"column":44}},{"start":{},"end":{}}],"line":66},"4":{"loc":{"start":{"line":87,"column":33},"end":{"line":87,"column":66}},"type":"cond-expr","locations":[{"start":{"line":87,"column":50},"end":{"line":87,"column":61}},{"start":{"line":87,"column":64},"end":{"line":87,"column":66}}],"line":87},"5":{"loc":{"start":{"line":120,"column":6},"end":{"line":131,"column":7}},"type":"if","locations":[{"start":{"line":120,"column":6},"end":{"line":131,"column":7}},{"start":{"line":122,"column":13},"end":{"line":131,"column":7}}],"line":120},"6":{"loc":{"start":{"line":122,"column":13},"end":{"line":131,"column":7}},"type":"if","locations":[{"start":{"line":122,"column":13},"end":{"line":131,"column":7}},{"start":{},"end":{}}],"line":122},"7":{"loc":{"start":{"line":153,"column":4},"end":{"line":155,"column":5}},"type":"if","locations":[{"start":{"line":153,"column":4},"end":{"line":155,"column":5}},{"start":{},"end":{}}],"line":153}},"s":{"0":1,"1":1,"2":1,"3":5,"4":0,"5":0,"6":0,"7":0,"8":0,"9":0,"10":0,"11":0,"12":18,"13":1,"14":1,"15":4,"16":2,"17":1,"18":4,"19":1,"20":1,"21":2,"22":2,"23":3,"24":2,"25":3,"26":2,"27":2,"28":2,"29":1,"30":1,"31":1,"32":2,"33":1,"34":1,"35":1,"36":4,"37":4,"38":4,"39":4,"40":4,"41":4,"42":4,"43":4,"44":4,"45":4,"46":4,"47":4,"48":4,"49":4,"50":4,"51":4,"52":4,"53":4,"54":4,"55":4,"56":4,"57":4,"58":4,"59":4,"60":0,"61":0,"62":0,"63":0,"64":0,"65":0,"66":4,"67":0,"68":0,"69":4,"70":0,"71":0,"72":4,"73":0,"74":0,"75":4,"76":0,"77":4,"78":0,"79":0,"80":0,"81":0,"82":0,"83":0,"84":0,"85":0,"86":0,"87":0,"88":0,"89":4,"90":0,"91":0,"92":0,"93":0,"94":4,"95":4,"96":4,"97":4,"98":4,"99":4,"100":4,"101":4,"102":1,"103":1,"104":1,"105":1,"106":0,"107":1,"108":0},"f":{"0":1,"1":5,"2":0,"3":0,"4":18,"5":1,"6":4,"7":2,"8":2,"9":3,"10":1,"11":1,"12":2,"13":4,"14":0,"15":0,"16":0,"17":0,"18":0,"19":0,"20":0,"21":1,"22":0},"b":{"0":[0,0],"1":[2,2],"2":[0],"3":[4,0],"4":[0,4],"5":[0,0],"6":[0,0],"7":[0,1]},"_coverageSchema":"1a1c01bbd47fc00a2c39e90264f33305004495a9","hash":"a0e297528a09376423c56f98104dabdde1127a43"}
}
