{"C:\\Users\\akwud\\Microverse\\todo-list\\mocks\\fileMock.js": {"path":"C:\\Users\\akwud\\Microverse\\todo-list\\mocks\\fileMock.js","statementMap":{"0":{"start":{"line":1,"column":0},"end":{"line":1,"column":20}}},"fnMap":{},"branchMap":{},"s":{"0":1},"f":{},"b":{},"_coverageSchema":"1a1c01bbd47fc00a2c39e90264f33305004495a9","hash":"afaf24fd3d13317476414a5a64ae8c871f1e3ba9"}
,"C:\\Users\\akwud\\Microverse\\todo-list\\src\\modules\\todolist.js": {"path":"C:\\Users\\akwud\\Microverse\\todo-list\\src\\modules\\todolist.js","statementMap":{"0":{"start":{"line":6,"column":4},"end":{"line":6,"column":23}},"1":{"start":{"line":8,"column":4},"end":{"line":8,"column":64}},"2":{"start":{"line":11,"column":4},"end":{"line":11,"column":38}},"3":{"start":{"line":12,"column":4},"end":{"line":12,"column":38}},"4":{"start":{"line":16,"column":4},"end":{"line":16,"column":78}},"5":{"start":{"line":20,"column":6},"end":{"line":20,"column":22}},"6":{"start":{"line":21,"column":6},"end":{"line":29,"column":9}},"7":{"start":{"line":22,"column":8},"end":{"line":28,"column":9}},"8":{"start":{"line":23,"column":10},"end":{"line":23,"column":41}},"9":{"start":{"line":24,"column":10},"end":{"line":24,"column":67}},"10":{"start":{"line":25,"column":10},"end":{"line":25,"column":67}},"11":{"start":{"line":26,"column":10},"end":{"line":26,"column":67}},"12":{"start":{"line":27,"column":10},"end":{"line":27,"column":67}},"13":{"start":{"line":33,"column":4},"end":{"line":33,"column":25}},"14":{"start":{"line":37,"column":4},"end":{"line":41,"column":5}},"15":{"start":{"line":37,"column":21},"end":{"line":37,"column":45}},"16":{"start":{"line":38,"column":6},"end":{"line":40,"column":7}},"17":{"start":{"line":39,"column":8},"end":{"line":39,"column":56}},"18":{"start":{"line":42,"column":4},"end":{"line":42,"column":70}},"19":{"start":{"line":42,"column":52},"end":{"line":42,"column":68}},"20":{"start":{"line":43,"column":4},"end":{"line":43,"column":20}},"21":{"start":{"line":47,"column":4},"end":{"line":49,"column":5}},"22":{"start":{"line":47,"column":21},"end":{"line":47,"column":45}},"23":{"start":{"line":48,"column":6},"end":{"line":48,"column":45}},"24":{"start":{"line":53,"column":18},"end":{"line":53,"column":45}},"25":{"start":{"line":54,"column":17},"end":{"line":54,"column":37}},"26":{"start":{"line":55,"column":4},"end":{"line":55,"column":40}},"27":{"start":{"line":56,"column":4},"end":{"line":56,"column":36}},"28":{"start":{"line":57,"column":4},"end":{"line":57,"column":20}},"29":{"start":{"line":61,"column":18},"end":{"line":61,"column":45}},"30":{"start":{"line":62,"column":4},"end":{"line":62,"column":80}},"31":{"start":{"line":62,"column":52},"end":{"line":62,"column":78}},"32":{"start":{"line":63,"column":4},"end":{"line":63,"column":25}},"33":{"start":{"line":64,"column":4},"end":{"line":64,"column":20}},"34":{"start":{"line":65,"column":4},"end":{"line":65,"column":77}},"35":{"start":{"line":69,"column":4},"end":{"line":69,"column":44}},"36":{"start":{"line":69,"column":19},"end":{"line":69,"column":44}},"37":{"start":{"line":70,"column":20},"end":{"line":70,"column":49}},"38":{"start":{"line":71,"column":4},"end":{"line":71,"column":34}},"39":{"start":{"line":73,"column":26},"end":{"line":73,"column":55}},"40":{"start":{"line":74,"column":26},"end":{"line":74,"column":55}},"41":{"start":{"line":75,"column":4},"end":{"line":75,"column":39}},"42":{"start":{"line":76,"column":4},"end":{"line":76,"column":39}},"43":{"start":{"line":78,"column":24},"end":{"line":78,"column":55}},"44":{"start":{"line":79,"column":26},"end":{"line":79,"column":57}},"45":{"start":{"line":80,"column":32},"end":{"line":80,"column":63}},"46":{"start":{"line":81,"column":16},"end":{"line":81,"column":45}},"47":{"start":{"line":83,"column":4},"end":{"line":83,"column":34}},"48":{"start":{"line":84,"column":4},"end":{"line":84,"column":38}},"49":{"start":{"line":86,"column":4},"end":{"line":86,"column":41}},"50":{"start":{"line":87,"column":4},"end":{"line":87,"column":49}},"51":{"start":{"line":88,"column":4},"end":{"line":88,"column":49}},"52":{"start":{"line":89,"column":4},"end":{"line":89,"column":56}},"53":{"start":{"line":90,"column":4},"end":{"line":90,"column":69}},"54":{"start":{"line":91,"column":4},"end":{"line":91,"column":24}},"55":{"start":{"line":93,"column":22},"end":{"line":93,"column":51}},"56":{"start":{"line":94,"column":4},"end":{"line":94,"column":29}},"57":{"start":{"line":95,"column":4},"end":{"line":95,"column":35}},"58":{"start":{"line":97,"column":22},"end":{"line":104,"column":5}},"59":{"start":{"line":98,"column":6},"end":{"line":98,"column":43}},"60":{"start":{"line":99,"column":6},"end":{"line":99,"column":47}},"61":{"start":{"line":100,"column":6},"end":{"line":100,"column":53}},"62":{"start":{"line":101,"column":6},"end":{"line":101,"column":37}},"63":{"start":{"line":102,"column":6},"end":{"line":102,"column":43}},"64":{"start":{"line":103,"column":6},"end":{"line":103,"column":34}},"65":{"start":{"line":106,"column":4},"end":{"line":109,"column":7}},"66":{"start":{"line":107,"column":6},"end":{"line":107,"column":39}},"67":{"start":{"line":108,"column":6},"end":{"line":108,"column":18}},"68":{"start":{"line":110,"column":4},"end":{"line":113,"column":7}},"69":{"start":{"line":111,"column":6},"end":{"line":111,"column":39}},"70":{"start":{"line":112,"column":6},"end":{"line":112,"column":18}},"71":{"start":{"line":115,"column":4},"end":{"line":118,"column":7}},"72":{"start":{"line":116,"column":6},"end":{"line":116,"column":39}},"73":{"start":{"line":117,"column":6},"end":{"line":117,"column":28}},"74":{"start":{"line":119,"column":4},"end":{"line":121,"column":7}},"75":{"start":{"line":120,"column":6},"end":{"line":120,"column":39}},"76":{"start":{"line":122,"column":4},"end":{"line":135,"column":7}},"77":{"start":{"line":123,"column":6},"end":{"line":134,"column":7}},"78":{"start":{"line":124,"column":8},"end":{"line":124,"column":25}},"79":{"start":{"line":125,"column":13},"end":{"line":134,"column":7}},"80":{"start":{"line":126,"column":8},"end":{"line":126,"column":45}},"81":{"start":{"line":127,"column":8},"end":{"line":127,"column":62}},"82":{"start":{"line":128,"column":8},"end":{"line":128,"column":53}},"83":{"start":{"line":129,"column":8},"end":{"line":129,"column":30}},"84":{"start":{"line":130,"column":8},"end":{"line":130,"column":49}},"85":{"start":{"line":131,"column":8},"end":{"line":131,"column":55}},"86":{"start":{"line":132,"column":8},"end":{"line":132,"column":39}},"87":{"start":{"line":133,"column":8},"end":{"line":133,"column":45}},"88":{"start":{"line":136,"column":4},"end":{"line":141,"column":7}},"89":{"start":{"line":137,"column":24},"end":{"line":137,"column":44}},"90":{"start":{"line":138,"column":6},"end":{"line":138,"column":33}},"91":{"start":{"line":139,"column":6},"end":{"line":139,"column":28}},"92":{"start":{"line":140,"column":6},"end":{"line":140,"column":50}},"93":{"start":{"line":142,"column":4},"end":{"line":142,"column":43}},"94":{"start":{"line":143,"column":4},"end":{"line":143,"column":45}},"95":{"start":{"line":144,"column":4},"end":{"line":144,"column":51}},"96":{"start":{"line":145,"column":4},"end":{"line":145,"column":35}},"97":{"start":{"line":146,"column":4},"end":{"line":146,"column":41}},"98":{"start":{"line":147,"column":4},"end":{"line":147,"column":39}},"99":{"start":{"line":148,"column":4},"end":{"line":148,"column":39}},"100":{"start":{"line":149,"column":4},"end":{"line":149,"column":46}},"101":{"start":{"line":153,"column":24},"end":{"line":153,"column":66}},"102":{"start":{"line":154,"column":4},"end":{"line":154,"column":42}},"103":{"start":{"line":155,"column":4},"end":{"line":155,"column":23}},"104":{"start":{"line":156,"column":4},"end":{"line":158,"column":5}},"105":{"start":{"line":157,"column":6},"end":{"line":157,"column":46}},"106":{"start":{"line":160,"column":4},"end":{"line":162,"column":7}},"107":{"start":{"line":161,"column":6},"end":{"line":161,"column":25}}},"fnMap":{"0":{"name":"(anonymous_0)","decl":{"start":{"line":5,"column":2},"end":{"line":5,"column":3}},"loc":{"start":{"line":5,"column":16},"end":{"line":13,"column":3}},"line":5},"1":{"name":"(anonymous_1)","decl":{"start":{"line":15,"column":2},"end":{"line":15,"column":3}},"loc":{"start":{"line":15,"column":13},"end":{"line":17,"column":3}},"line":15},"2":{"name":"(anonymous_2)","decl":{"start":{"line":19,"column":4},"end":{"line":19,"column":5}},"loc":{"start":{"line":19,"column":16},"end":{"line":30,"column":5}},"line":19},"3":{"name":"(anonymous_3)","decl":{"start":{"line":21,"column":46},"end":{"line":21,"column":47}},"loc":{"start":{"line":21,"column":53},"end":{"line":29,"column":7}},"line":21},"4":{"name":"(anonymous_4)","decl":{"start":{"line":32,"column":2},"end":{"line":32,"column":3}},"loc":{"start":{"line":32,"column":16},"end":{"line":34,"column":3}},"line":32},"5":{"name":"(anonymous_5)","decl":{"start":{"line":36,"column":2},"end":{"line":36,"column":3}},"loc":{"start":{"line":36,"column":19},"end":{"line":44,"column":3}},"line":36},"6":{"name":"(anonymous_6)","decl":{"start":{"line":42,"column":41},"end":{"line":42,"column":42}},"loc":{"start":{"line":42,"column":52},"end":{"line":42,"column":68}},"line":42},"7":{"name":"(anonymous_7)","decl":{"start":{"line":46,"column":2},"end":{"line":46,"column":3}},"loc":{"start":{"line":46,"column":18},"end":{"line":50,"column":3}},"line":46},"8":{"name":"(anonymous_8)","decl":{"start":{"line":52,"column":2},"end":{"line":52,"column":3}},"loc":{"start":{"line":52,"column":19},"end":{"line":58,"column":3}},"line":52},"9":{"name":"(anonymous_9)","decl":{"start":{"line":60,"column":2},"end":{"line":60,"column":3}},"loc":{"start":{"line":60,"column":19},"end":{"line":66,"column":3}},"line":60},"10":{"name":"(anonymous_10)","decl":{"start":{"line":62,"column":41},"end":{"line":62,"column":42}},"loc":{"start":{"line":62,"column":52},"end":{"line":62,"column":78}},"line":62},"11":{"name":"(anonymous_11)","decl":{"start":{"line":68,"column":2},"end":{"line":68,"column":3}},"loc":{"start":{"line":68,"column":35},"end":{"line":150,"column":3}},"line":68},"12":{"name":"(anonymous_12)","decl":{"start":{"line":97,"column":22},"end":{"line":97,"column":23}},"loc":{"start":{"line":97,"column":28},"end":{"line":104,"column":5}},"line":97},"13":{"name":"(anonymous_13)","decl":{"start":{"line":106,"column":34},"end":{"line":106,"column":35}},"loc":{"start":{"line":106,"column":45},"end":{"line":109,"column":5}},"line":106},"14":{"name":"(anonymous_14)","decl":{"start":{"line":110,"column":44},"end":{"line":110,"column":45}},"loc":{"start":{"line":110,"column":55},"end":{"line":113,"column":5}},"line":110},"15":{"name":"(anonymous_15)","decl":{"start":{"line":115,"column":40},"end":{"line":115,"column":41}},"loc":{"start":{"line":115,"column":51},"end":{"line":118,"column":5}},"line":115},"16":{"name":"(anonymous_16)","decl":{"start":{"line":119,"column":50},"end":{"line":119,"column":51}},"loc":{"start":{"line":119,"column":61},"end":{"line":121,"column":5}},"line":119},"17":{"name":"(anonymous_17)","decl":{"start":{"line":122,"column":53},"end":{"line":122,"column":54}},"loc":{"start":{"line":122,"column":64},"end":{"line":135,"column":5}},"line":122},"18":{"name":"(anonymous_18)","decl":{"start":{"line":136,"column":43},"end":{"line":136,"column":44}},"loc":{"start":{"line":136,"column":54},"end":{"line":141,"column":5}},"line":136},"19":{"name":"(anonymous_19)","decl":{"start":{"line":152,"column":2},"end":{"line":152,"column":3}},"loc":{"start":{"line":152,"column":19},"end":{"line":163,"column":3}},"line":152},"20":{"name":"(anonymous_20)","decl":{"start":{"line":160,"column":26},"end":{"line":160,"column":27}},"loc":{"start":{"line":160,"column":36},"end":{"line":162,"column":5}},"line":160}},"branchMap":{"0":{"loc":{"start":{"line":22,"column":8},"end":{"line":28,"column":9}},"type":"if","locations":[{"start":{"line":22,"column":8},"end":{"line":28,"column":9}},{"start":{},"end":{}}],"line":22},"1":{"loc":{"start":{"line":38,"column":6},"end":{"line":40,"column":7}},"type":"if","locations":[{"start":{"line":38,"column":6},"end":{"line":40,"column":7}},{"start":{},"end":{}}],"line":38},"2":{"loc":{"start":{"line":68,"column":16},"end":{"line":68,"column":33}},"type":"default-arg","locations":[{"start":{"line":68,"column":28},"end":{"line":68,"column":33}}],"line":68},"3":{"loc":{"start":{"line":69,"column":4},"end":{"line":69,"column":44}},"type":"if","locations":[{"start":{"line":69,"column":4},"end":{"line":69,"column":44}},{"start":{},"end":{}}],"line":69},"4":{"loc":{"start":{"line":90,"column":33},"end":{"line":90,"column":66}},"type":"cond-expr","locations":[{"start":{"line":90,"column":50},"end":{"line":90,"column":61}},{"start":{"line":90,"column":64},"end":{"line":90,"column":66}}],"line":90},"5":{"loc":{"start":{"line":123,"column":6},"end":{"line":134,"column":7}},"type":"if","locations":[{"start":{"line":123,"column":6},"end":{"line":134,"column":7}},{"start":{"line":125,"column":13},"end":{"line":134,"column":7}}],"line":123},"6":{"loc":{"start":{"line":125,"column":13},"end":{"line":134,"column":7}},"type":"if","locations":[{"start":{"line":125,"column":13},"end":{"line":134,"column":7}},{"start":{},"end":{}}],"line":125},"7":{"loc":{"start":{"line":156,"column":4},"end":{"line":158,"column":5}},"type":"if","locations":[{"start":{"line":156,"column":4},"end":{"line":158,"column":5}},{"start":{},"end":{}}],"line":156}},"s":{"0":1,"1":1,"2":1,"3":1,"4":2,"5":0,"6":0,"7":0,"8":0,"9":0,"10":0,"11":0,"12":0,"13":6,"14":0,"15":0,"16":0,"17":0,"18":0,"19":0,"20":0,"21":1,"22":1,"23":0,"24":0,"25":0,"26":0,"27":0,"28":0,"29":1,"30":1,"31":1,"32":1,"33":1,"34":1,"35":1,"36":1,"37":1,"38":1,"39":1,"40":1,"41":1,"42":1,"43":1,"44":1,"45":1,"46":1,"47":1,"48":1,"49":1,"50":1,"51":1,"52":1,"53":1,"54":1,"55":1,"56":1,"57":1,"58":1,"59":0,"60":0,"61":0,"62":0,"63":0,"64":0,"65":1,"66":0,"67":0,"68":1,"69":0,"70":0,"71":1,"72":0,"73":0,"74":1,"75":0,"76":1,"77":0,"78":0,"79":0,"80":0,"81":0,"82":0,"83":0,"84":0,"85":0,"86":0,"87":0,"88":1,"89":0,"90":0,"91":0,"92":0,"93":1,"94":1,"95":1,"96":1,"97":1,"98":1,"99":1,"100":1,"101":0,"102":0,"103":0,"104":0,"105":0,"106":0,"107":0},"f":{"0":1,"1":2,"2":0,"3":0,"4":6,"5":0,"6":0,"7":1,"8":0,"9":1,"10":1,"11":1,"12":0,"13":0,"14":0,"15":0,"16":0,"17":0,"18":0,"19":0,"20":0},"b":{"0":[0,0],"1":[0,0],"2":[0],"3":[1,0],"4":[0,1],"5":[0,0],"6":[0,0],"7":[0,0]},"_coverageSchema":"1a1c01bbd47fc00a2c39e90264f33305004495a9","hash":"916d7a17bd19ad8d6f7878c188f4f159f97ec755"}
}
