TN:
SF:mocks\fileMock.js
FNF:0
FNH:0
DA:1,1
LF:1
LH:1
BRF:0
BRH:0
end_of_record
TN:
SF:src\modules\todolist.js
FN:5,(anonymous_0)
FN:12,(anonymous_1)
FN:16,(anonymous_2)
FN:18,(anonymous_3)
FN:29,(anonymous_4)
FN:33,(anonymous_5)
FN:39,(anonymous_6)
FN:44,(anonymous_7)
FN:50,(anonymous_8)
FN:51,(anonymous_9)
FN:57,(anonymous_10)
FN:58,(anonymous_11)
FN:59,(anonymous_12)
FN:65,(anonymous_13)
FN:94,(anonymous_14)
FN:103,(anonymous_15)
FN:107,(anonymous_16)
FN:112,(anonymous_17)
FN:116,(anonymous_18)
FN:119,(anonymous_19)
FN:133,(anonymous_20)
FN:149,(anonymous_21)
FN:157,(anonymous_22)
FNF:23
FNH:13
FNDA:1,(anonymous_0)
FNDA:5,(anonymous_1)
FNDA:0,(anonymous_2)
FNDA:0,(anonymous_3)
FNDA:18,(anonymous_4)
FNDA:1,(anonymous_5)
FNDA:4,(anonymous_6)
FNDA:2,(anonymous_7)
FNDA:2,(anonymous_8)
FNDA:3,(anonymous_9)
FNDA:1,(anonymous_10)
FNDA:1,(anonymous_11)
FNDA:2,(anonymous_12)
FNDA:4,(anonymous_13)
FNDA:0,(anonymous_14)
FNDA:0,(anonymous_15)
FNDA:0,(anonymous_16)
FNDA:0,(anonymous_17)
FNDA:0,(anonymous_18)
FNDA:0,(anonymous_19)
FNDA:0,(anonymous_20)
FNDA:1,(anonymous_21)
FNDA:0,(anonymous_22)
DA:6,1
DA:8,1
DA:9,1
DA:13,5
DA:17,0
DA:18,0
DA:19,0
DA:20,0
DA:21,0
DA:22,0
DA:23,0
DA:24,0
DA:30,18
DA:34,1
DA:35,4
DA:36,2
DA:39,4
DA:40,1
DA:41,1
DA:45,2
DA:46,3
DA:51,3
DA:52,2
DA:53,2
DA:54,2
DA:58,1
DA:59,2
DA:60,1
DA:61,1
DA:62,1
DA:66,4
DA:67,4
DA:68,4
DA:70,4
DA:71,4
DA:72,4
DA:73,4
DA:75,4
DA:76,4
DA:77,4
DA:78,4
DA:80,4
DA:81,4
DA:83,4
DA:84,4
DA:85,4
DA:86,4
DA:87,4
DA:88,4
DA:90,4
DA:91,4
DA:92,4
DA:94,4
DA:95,0
DA:96,0
DA:97,0
DA:98,0
DA:99,0
DA:100,0
DA:103,4
DA:104,0
DA:105,0
DA:107,4
DA:108,0
DA:109,0
DA:112,4
DA:113,0
DA:114,0
DA:116,4
DA:117,0
DA:119,4
DA:120,0
DA:121,0
DA:122,0
DA:123,0
DA:124,0
DA:125,0
DA:126,0
DA:127,0
DA:128,0
DA:129,0
DA:130,0
DA:133,4
DA:134,0
DA:135,0
DA:136,0
DA:137,0
DA:139,4
DA:140,4
DA:141,4
DA:142,4
DA:143,4
DA:144,4
DA:145,4
DA:146,4
DA:150,1
DA:151,1
DA:152,1
DA:153,1
DA:154,0
DA:157,1
DA:158,0
LF:102
LH:64
BRDA:19,0,0,0
BRDA:19,0,1,0
BRDA:35,1,0,2
BRDA:35,1,1,2
BRDA:65,2,0,0
BRDA:66,3,0,4
BRDA:66,3,1,0
BRDA:87,4,0,0
BRDA:87,4,1,4
BRDA:120,5,0,0
BRDA:120,5,1,0
BRDA:122,6,0,0
BRDA:122,6,1,0
BRDA:153,7,0,0
BRDA:153,7,1,1
BRF:15
BRH:5
end_of_record
